This is pdfTeX, Version 3.14159265-2.6-1.40.21 (MiKTeX 2.9.7300 64-bit) (preloaded format=pdflatex 2020.3.9)  29 MAY 2020 18:47
entering extended mode
**"c:/Users/dbaeza/Downloads/A New Definition of Pressure Based on Kinetic Theory Derivations/pressure.tex"
("c:/Users/dbaeza/Downloads/A New Definition of Pressure Based on Kinetic Theory Derivations/pressure.tex"
LaTeX2e <2020-02-02> patch level 5
L3 programming layer <2020-03-03> ("C:\Users\dbaeza\AppData\Local\Programs\MiKTeX 2.9\tex/latex/base\article.cls"
Document Class: article 2019/12/20 v1.4l Standard LaTeX document class
("C:\Users\dbaeza\AppData\Local\Programs\MiKTeX 2.9\tex/latex/base\size11.clo"
File: size11.clo 2019/12/20 v1.4l Standard LaTeX file (size option)
)
\c@part=\count167
\c@section=\count168
\c@subsection=\count169
\c@subsubsection=\count170
\c@paragraph=\count171
\c@subparagraph=\count172
\c@figure=\count173
\c@table=\count174
\abovecaptionskip=\skip47
\belowcaptionskip=\skip48
\bibindent=\dimen134
) ("c:/Users\dbaeza\Downloads\A New Definition of Pressure Based on Kinetic Theory Derivations\UF_FRED_paper_style.sty" ("C:\Users\dbaeza\AppData\Local\Programs\MiKTeX 2.9\tex/latex/base\inputenc.sty"
Package: inputenc 2018/08/11 v1.3c Input encoding file
\inpenc@prehook=\toks15
\inpenc@posthook=\toks16
) ("C:\Users\dbaeza\AppData\Local\Programs\MiKTeX 2.9\tex/latex/hyperref\hyperref.sty"
Package: hyperref 2020/01/14 v7.00d Hypertext links for LaTeX
 ("C:\Users\dbaeza\AppData\Local\Programs\MiKTeX 2.9\tex/generic/ltxcmds\ltxcmds.sty"
Package: ltxcmds 2019/12/15 v1.24 LaTeX kernel commands for general use (HO)
) ("C:\Users\dbaeza\AppData\Local\Programs\MiKTeX 2.9\tex/generic/iftex\iftex.sty"
Package: iftex 2019/11/07 v1.0c TeX engine tests
) ("C:\Users\dbaeza\AppData\Local\Programs\MiKTeX 2.9\tex/latex/pdftexcmds\pdftexcmds.sty"
Package: pdftexcmds 2019/11/24 v0.31 Utility functions of pdfTeX for LuaTeX (HO)
 ("C:\Users\dbaeza\AppData\Local\Programs\MiKTeX 2.9\tex/generic/infwarerr\infwarerr.sty"
Package: infwarerr 2019/12/03 v1.5 Providing info/warning/error messages (HO)
)
Package pdftexcmds Info: \pdf@primitive is available.
Package pdftexcmds Info: \pdf@ifprimitive is available.
Package pdftexcmds Info: \pdfdraftmode found.
) ("C:\Users\dbaeza\AppData\Local\Programs\MiKTeX 2.9\tex/latex/graphics\keyval.sty"
Package: keyval 2014/10/28 v1.15 key=value parser (DPC)
\KV@toks@=\toks17
) ("C:\Users\dbaeza\AppData\Local\Programs\MiKTeX 2.9\tex/generic/kvsetkeys\kvsetkeys.sty"
Package: kvsetkeys 2019/12/15 v1.18 Key value parser (HO)
) ("C:\Users\dbaeza\AppData\Local\Programs\MiKTeX 2.9\tex/generic/kvdefinekeys\kvdefinekeys.sty"
Package: kvdefinekeys 2019-12-19 v1.6 Define keys (HO)
) ("C:\Users\dbaeza\AppData\Local\Programs\MiKTeX 2.9\tex/generic/pdfescape\pdfescape.sty"
Package: pdfescape 2019/12/09 v1.15 Implements pdfTeX's escape features (HO)
) ("C:\Users\dbaeza\AppData\Local\Programs\MiKTeX 2.9\tex/latex/hycolor\hycolor.sty"
Package: hycolor 2020-01-27 v1.10 Color options for hyperref/bookmark (HO)
) ("C:\Users\dbaeza\AppData\Local\Programs\MiKTeX 2.9\tex/latex/letltxmacro\letltxmacro.sty"
Package: letltxmacro 2019/12/03 v1.6 Let assignment for LaTeX macros (HO)
) ("C:\Users\dbaeza\AppData\Local\Programs\MiKTeX 2.9\tex/latex/auxhook\auxhook.sty"
Package: auxhook 2019-12-17 v1.6 Hooks for auxiliary files (HO)
) ("C:\Users\dbaeza\AppData\Local\Programs\MiKTeX 2.9\tex/latex/kvoptions\kvoptions.sty"
Package: kvoptions 2019/11/29 v3.13 Key value format for package options (HO)
)
\@linkdim=\dimen135
\Hy@linkcounter=\count175
\Hy@pagecounter=\count176
 ("C:\Users\dbaeza\AppData\Local\Programs\MiKTeX 2.9\tex/latex/hyperref\pd1enc.def"
File: pd1enc.def 2020/01/14 v7.00d Hyperref: PDFDocEncoding definition (HO)
Now handling font encoding PD1 ...
... no UTF-8 mapping file for font encoding PD1
) ("C:\Users\dbaeza\AppData\Local\Programs\MiKTeX 2.9\tex/generic/intcalc\intcalc.sty"
Package: intcalc 2019/12/15 v1.3 Expandable calculations with integers (HO)
) ("C:\Users\dbaeza\AppData\Local\Programs\MiKTeX 2.9\tex/generic/etexcmds\etexcmds.sty"
Package: etexcmds 2019/12/15 v1.7 Avoid name clashes with e-TeX commands (HO)
)
\Hy@SavedSpaceFactor=\count177
Package hyperref Info: Hyper figures OFF on input line 4547.
Package hyperref Info: Link nesting OFF on input line 4552.
Package hyperref Info: Hyper index ON on input line 4555.
Package hyperref Info: Plain pages OFF on input line 4562.
Package hyperref Info: Backreferencing OFF on input line 4567.
Package hyperref Info: Implicit mode ON; LaTeX internals redefined.
Package hyperref Info: Bookmarks ON on input line 4800.
\c@Hy@tempcnt=\count178
 ("C:\Users\dbaeza\AppData\Local\Programs\MiKTeX 2.9\tex/latex/url\url.sty"
\Urlmuskip=\muskip16
Package: url 2013/09/16  ver 3.4  Verb mode for urls, etc.
)
LaTeX Info: Redefining \url on input line 5159.
\XeTeXLinkMargin=\dimen136
 ("C:\Users\dbaeza\AppData\Local\Programs\MiKTeX 2.9\tex/generic/bitset\bitset.sty"
Package: bitset 2019/12/09 v1.3 Handle bit-vector datatype (HO)
 ("C:\Users\dbaeza\AppData\Local\Programs\MiKTeX 2.9\tex/generic/bigintcalc\bigintcalc.sty"
Package: bigintcalc 2019/12/15 v1.5 Expandable calculations on big integers (HO)
))
\Fld@menulength=\count179
\Field@Width=\dimen137
\Fld@charsize=\dimen138
Package hyperref Info: Hyper figures OFF on input line 6430.
Package hyperref Info: Link nesting OFF on input line 6435.
Package hyperref Info: Hyper index ON on input line 6438.
Package hyperref Info: backreferencing OFF on input line 6445.
Package hyperref Info: Link coloring OFF on input line 6450.
Package hyperref Info: Link coloring with OCG OFF on input line 6455.
Package hyperref Info: PDF/A mode OFF on input line 6460.
LaTeX Info: Redefining \ref on input line 6500.
LaTeX Info: Redefining \pageref on input line 6504.
 ("C:\Users\dbaeza\AppData\Local\Programs\MiKTeX 2.9\tex/generic/atbegshi\atbegshi.sty"
Package: atbegshi 2019/12/05 v1.19 At begin shipout hook (HO)
)
\Hy@abspage=\count180
\c@Item=\count181
\c@Hfootnote=\count182
)
Package hyperref Info: Driver (autodetected): hpdftex.
 ("C:\Users\dbaeza\AppData\Local\Programs\MiKTeX 2.9\tex/latex/hyperref\hpdftex.def"
File: hpdftex.def 2020/01/14 v7.00d Hyperref driver for pdfTeX
 ("C:\Users\dbaeza\AppData\Local\Programs\MiKTeX 2.9\tex/latex/atveryend\atveryend.sty"
Package: atveryend 2019-12-11 v1.11 Hooks at the very end of document (HO)
Package atveryend Info: \enddocument detected (standard20110627).
)
\Fld@listcount=\count183
\c@bookmark@seq@number=\count184
 ("C:\Users\dbaeza\AppData\Local\Programs\MiKTeX 2.9\tex/latex/rerunfilecheck\rerunfilecheck.sty"
Package: rerunfilecheck 2019/12/05 v1.9 Rerun checks for auxiliary files (HO)
 ("C:\Users\dbaeza\AppData\Local\Programs\MiKTeX 2.9\tex/generic/uniquecounter\uniquecounter.sty"
Package: uniquecounter 2019/12/15 v1.4 Provide unlimited unique counter (HO)
)
Package uniquecounter Info: New unique counter `rerunfilecheck' on input line 286.
)
\Hy@SectionHShift=\skip49
) ("C:\Users\dbaeza\AppData\Local\Programs\MiKTeX 2.9\tex/latex/setspace\setspace.sty"
Package: setspace 2011/12/19 v6.7a set line spacing
) ("C:\Users\dbaeza\AppData\Local\Programs\MiKTeX 2.9\tex/latex/psnfss\palatino.sty"
Package: palatino 2020/03/25 PSNFSS-v9.3 (SPQR) 
) ("C:\Users\dbaeza\AppData\Local\Programs\MiKTeX 2.9\tex/latex/graphics\graphicx.sty"
Package: graphicx 2019/11/30 v1.2a Enhanced LaTeX Graphics (DPC,SPQR)
 ("C:\Users\dbaeza\AppData\Local\Programs\MiKTeX 2.9\tex/latex/graphics\graphics.sty"
Package: graphics 2019/11/30 v1.4a Standard LaTeX Graphics (DPC,SPQR)
 ("C:\Users\dbaeza\AppData\Local\Programs\MiKTeX 2.9\tex/latex/graphics\trig.sty"
Package: trig 2016/01/03 v1.10 sin cos tan (DPC)
) ("C:\Users\dbaeza\AppData\Local\Programs\MiKTeX 2.9\tex/latex/graphics-cfg\graphics.cfg"
File: graphics.cfg 2016/06/04 v1.11 sample graphics configuration
)
Package graphics Info: Driver file: pdftex.def on input line 105.
 ("C:\Users\dbaeza\AppData\Local\Programs\MiKTeX 2.9\tex/latex/graphics-def\pdftex.def"
File: pdftex.def 2018/01/08 v1.0l Graphics/color driver for pdftex
))
\Gin@req@height=\dimen139
\Gin@req@width=\dimen140
) ("C:\Users\dbaeza\AppData\Local\Programs\MiKTeX 2.9\tex/latex/float\float.sty"
Package: float 2001/11/08 v1.3d Float enhancements (AL)
\c@float@type=\count185
\float@exts=\toks18
\float@box=\box45
\@float@everytoks=\toks19
\@floatcapt=\box46
) ("C:\Users\dbaeza\AppData\Local\Programs\MiKTeX 2.9\tex/latex/titling\titling.sty"
Package: titling 2009/09/04 v2.1d maketitle typesetting
\thanksmarkwidth=\skip50
\thanksmargin=\skip51
\droptitle=\skip52
) ("C:\Users\dbaeza\AppData\Local\Programs\MiKTeX 2.9\tex/latex/multirow\multirow.sty"
Package: multirow 2019/05/31 v2.5 Span multiple rows of a table
\multirow@colwidth=\skip53
\multirow@cntb=\count186
\multirow@dima=\skip54
\bigstrutjot=\dimen141
) ("C:\Users\dbaeza\AppData\Local\Programs\MiKTeX 2.9\tex/latex/graphics\lscape.sty"
Package: lscape 2000/10/22 v3.01 Landscape Pages (DPC)
) ("C:\Users\dbaeza\AppData\Local\Programs\MiKTeX 2.9\tex/latex/amsmath\amsmath.sty"
Package: amsmath 2020/01/20 v2.17e AMS math features
\@mathmargin=\skip55

For additional information on amsmath, use the `?' option.
("C:\Users\dbaeza\AppData\Local\Programs\MiKTeX 2.9\tex/latex/amsmath\amstext.sty"
Package: amstext 2000/06/29 v2.01 AMS text
 ("C:\Users\dbaeza\AppData\Local\Programs\MiKTeX 2.9\tex/latex/amsmath\amsgen.sty"
File: amsgen.sty 1999/11/30 v2.0 generic functions
\@emptytoks=\toks20
\ex@=\dimen142
)) ("C:\Users\dbaeza\AppData\Local\Programs\MiKTeX 2.9\tex/latex/amsmath\amsbsy.sty"
Package: amsbsy 1999/11/29 v1.2d Bold Symbols
\pmbraise@=\dimen143
) ("C:\Users\dbaeza\AppData\Local\Programs\MiKTeX 2.9\tex/latex/amsmath\amsopn.sty"
Package: amsopn 2016/03/08 v2.02 operator names
)
\inf@bad=\count187
LaTeX Info: Redefining \frac on input line 227.
\uproot@=\count188
\leftroot@=\count189
LaTeX Info: Redefining \overline on input line 389.
\classnum@=\count190
\DOTSCASE@=\count191
LaTeX Info: Redefining \ldots on input line 486.
LaTeX Info: Redefining \dots on input line 489.
LaTeX Info: Redefining \cdots on input line 610.
\Mathstrutbox@=\box47
\strutbox@=\box48
\big@size=\dimen144
LaTeX Font Info:    Redeclaring font encoding OML on input line 733.
LaTeX Font Info:    Redeclaring font encoding OMS on input line 734.
\macc@depth=\count192
\c@MaxMatrixCols=\count193
\dotsspace@=\muskip17
\c@parentequation=\count194
\dspbrk@lvl=\count195
\tag@help=\toks21
\row@=\count196
\column@=\count197
\maxfields@=\count198
\andhelp@=\toks22
\eqnshift@=\dimen145
\alignsep@=\dimen146
\tagshift@=\dimen147
\tagwidth@=\dimen148
\totwidth@=\dimen149
\lineht@=\dimen150
\@envbody=\toks23
\multlinegap=\skip56
\multlinetaggap=\skip57
\mathdisplay@stack=\toks24
LaTeX Info: Redefining \[ on input line 2859.
LaTeX Info: Redefining \] on input line 2860.
) ("C:\Users\dbaeza\AppData\Local\Programs\MiKTeX 2.9\tex/latex/amsfonts\amssymb.sty"
Package: amssymb 2013/01/14 v3.01 AMS font symbols
 ("C:\Users\dbaeza\AppData\Local\Programs\MiKTeX 2.9\tex/latex/amsfonts\amsfonts.sty"
Package: amsfonts 2013/01/14 v3.01 Basic AMSFonts support
\symAMSa=\mathgroup4
\symAMSb=\mathgroup5
LaTeX Font Info:    Redeclaring math symbol \hbar on input line 98.
LaTeX Font Info:    Overwriting math alphabet `\mathfrak' in version `bold'
(Font)                  U/euf/m/n --> U/euf/b/n on input line 106.
)) ("C:\Users\dbaeza\AppData\Local\Programs\MiKTeX 2.9\tex/latex/caption\subcaption.sty"
Package: subcaption 2020/01/22 v1.3d Sub-captions (AR)
 ("C:\Users\dbaeza\AppData\Local\Programs\MiKTeX 2.9\tex/latex/caption\caption.sty"
Package: caption 2020/05/10 v3.4j Customizing captions (AR)
 ("C:\Users\dbaeza\AppData\Local\Programs\MiKTeX 2.9\tex/latex/caption\caption3.sty"
Package: caption3 2020/05/10 v1.11 caption3 kernel (AR)
Package caption3 Info: TeX engine: e-TeX on input line 61.
\captionmargin=\dimen151
\captionmargin@=\dimen152
\captionwidth=\dimen153
\caption@tempdima=\dimen154
\caption@indent=\dimen155
\caption@parindent=\dimen156
\caption@hangindent=\dimen157
Package caption Info: Standard document class detected.
)
\c@caption@flags=\count199
\c@continuedfloat=\count266
Package caption Info: float package is loaded.
Package caption Info: hyperref package is loaded.
)
\c@subfigure=\count267
\c@subtable=\count268
) ("C:\Users\dbaeza\AppData\Local\Programs\MiKTeX 2.9\tex/latex/geometry\geometry.sty"
Package: geometry 2020/01/02 v5.9 Page Geometry
 ("C:\Users\dbaeza\AppData\Local\Programs\MiKTeX 2.9\tex/generic/iftex\ifvtex.sty"
Package: ifvtex 2019/10/25 v1.7 ifvtex legacy package. Use iftex instead.
)
\Gm@cnth=\count269
\Gm@cntv=\count270
\c@Gm@tempcnt=\count271
\Gm@bindingoffset=\dimen158
\Gm@wd@mp=\dimen159
\Gm@odd@mp=\dimen160
\Gm@even@mp=\dimen161
\Gm@layoutwidth=\dimen162
\Gm@layoutheight=\dimen163
\Gm@layouthoffset=\dimen164
\Gm@layoutvoffset=\dimen165
\Gm@dimlist=\toks25
 ("C:\Users\dbaeza\AppData\Local\Programs\MiKTeX 2.9\tex/latex/geometry\geometry.cfg"))
LaTeX Font Info:    Trying to load font information for OT1+ppl on input line 14.
 ("C:\Users\dbaeza\AppData\Local\Programs\MiKTeX 2.9\tex/latex/psnfss\ot1ppl.fd"
File: ot1ppl.fd 2001/06/04 font definitions for OT1/ppl.
) ("C:\Users\dbaeza\AppData\Local\Programs\MiKTeX 2.9\tex/generic/babel\babel.sty"
Package: babel 2020/02/28 3.41 The Babel package
 ("C:\Users\dbaeza\AppData\Local\Programs\MiKTeX 2.9\tex/generic/babel\switch.def"
File: switch.def 2020/02/28 3.41 Babel switching mechanism
)
*************************************
* Local config file bblopts.cfg used
*
("C:\Users\dbaeza\AppData\Local\Programs\MiKTeX 2.9\tex/latex/arabi\bblopts.cfg"
File: bblopts.cfg 2005/09/08 v0.1 add Arabic and Farsi to "declared" options of babel
) ("C:\Users\dbaeza\AppData\Local\Programs\MiKTeX 2.9\tex/latex/babel-english\american.ldf"
Language: american 2017/06/06 v3.3r English support from the babel system
 ("C:\Users\dbaeza\AppData\Local\Programs\MiKTeX 2.9\tex/latex/babel-english\english.ldf"
Language: english 2017/06/06 v3.3r English support from the babel system
 ("C:\Users\dbaeza\AppData\Local\Programs\MiKTeX 2.9\tex/generic/babel\babel.def"
File: babel.def 2020/02/28 3.41 Babel common definitions
\babel@savecnt=\count272
\U@D=\dimen166
 ("C:\Users\dbaeza\AppData\Local\Programs\MiKTeX 2.9\tex/generic/babel\txtbabel.def")
\bbl@readstream=\read2
\bbl@dirlevel=\count273
)
Package babel Info: \l@canadian = using hyphenrules for english
(babel)             (\language0) on input line 102.
Package babel Info: \l@australian = using hyphenrules for ukenglish
(babel)             (\language72) on input line 105.
Package babel Info: \l@newzealand = using hyphenrules for ukenglish
(babel)             (\language72) on input line 108.
)))) ("C:\Users\dbaeza\AppData\Local\Programs\MiKTeX 2.9\tex/latex/lipsum\lipsum.sty" ("C:\Users\dbaeza\AppData\Local\Programs\MiKTeX 2.9\tex/latex/l3kernel\expl3.sty"
Package: expl3 2020-03-03 L3 programming layer (loader) 
 ("C:\Users\dbaeza\AppData\Local\Programs\MiKTeX 2.9\tex/latex/l3backend\l3backend-pdfmode.def"
File: l3backend-pdfmode.def 2020-02-23 L3 backend support: PDF mode
\l__kernel_color_stack_int=\count274
\l__pdf_internal_box=\box49
)) ("C:\Users\dbaeza\AppData\Local\Programs\MiKTeX 2.9\tex/latex/l3packages/xparse\xparse.sty"
Package: xparse 2020-03-03 L3 Experimental document command parser
\l__xparse_current_arg_int=\count275
\g__xparse_grabber_int=\count276
\l__xparse_m_args_int=\count277
\l__xparse_v_nesting_int=\count278
)
Package: lipsum 2019/01/02 v2.2 150 paragraphs of Lorem Ipsum dummy text
 ("C:\Users\dbaeza\AppData\Local\Programs\MiKTeX 2.9\tex/latex/lipsum\lipsum.ltd.tex"
File: lipsum.ltd.tex 2019/01/02 v2.2 The Lorem ipsum dummy text
)) ("c:/Users\dbaeza\Downloads\A New Definition of Pressure Based on Kinetic Theory Derivations\pressure.aux"

LaTeX Warning: Label `fig:1' multiply defined.


LaTeX Warning: Label `fig:1' multiply defined.


LaTeX Warning: Label `fig:1' multiply defined.


LaTeX Warning: Label `fig:1' multiply defined.


LaTeX Warning: Label `fig:1' multiply defined.


LaTeX Warning: Label `fig:1' multiply defined.


LaTeX Warning: Label `fig:1' multiply defined.


LaTeX Warning: Label `fig:1' multiply defined.


LaTeX Warning: Label `fig:1' multiply defined.


LaTeX Warning: Label `fig:1' multiply defined.


LaTeX Warning: Label `fig:1' multiply defined.


LaTeX Warning: Label `fig:1' multiply defined.


LaTeX Warning: Label `fig:1' multiply defined.


LaTeX Warning: Label `fig:1' multiply defined.


LaTeX Warning: Label `fig:1' multiply defined.


LaTeX Warning: Label `fig:1' multiply defined.


LaTeX Warning: Label `fig:1' multiply defined.


LaTeX Warning: Label `fig:1' multiply defined.


LaTeX Warning: Label `fig:1' multiply defined.

)
\openout1 = `pressure.aux'.

LaTeX Font Info:    Checking defaults for OML/cmm/m/it on input line 48.
LaTeX Font Info:    ... okay on input line 48.
LaTeX Font Info:    Checking defaults for OMS/cmsy/m/n on input line 48.
LaTeX Font Info:    ... okay on input line 48.
LaTeX Font Info:    Checking defaults for OT1/cmr/m/n on input line 48.
LaTeX Font Info:    ... okay on input line 48.
LaTeX Font Info:    Checking defaults for T1/cmr/m/n on input line 48.
LaTeX Font Info:    ... okay on input line 48.
LaTeX Font Info:    Checking defaults for TS1/cmr/m/n on input line 48.
LaTeX Font Info:    ... okay on input line 48.
LaTeX Font Info:    Checking defaults for OMX/cmex/m/n on input line 48.
LaTeX Font Info:    ... okay on input line 48.
LaTeX Font Info:    Checking defaults for U/cmr/m/n on input line 48.
LaTeX Font Info:    ... okay on input line 48.
LaTeX Font Info:    Checking defaults for PD1/pdf/m/n on input line 48.
LaTeX Font Info:    ... okay on input line 48.
\AtBeginShipoutBox=\box50
Package hyperref Info: Link coloring OFF on input line 48.
 ("C:\Users\dbaeza\AppData\Local\Programs\MiKTeX 2.9\tex/latex/hyperref\nameref.sty"
Package: nameref 2019/09/16 v2.46 Cross-referencing by name of section
 ("C:\Users\dbaeza\AppData\Local\Programs\MiKTeX 2.9\tex/latex/refcount\refcount.sty"
Package: refcount 2019/12/15 v3.6 Data extraction from label references (HO)
) ("C:\Users\dbaeza\AppData\Local\Programs\MiKTeX 2.9\tex/generic/gettitlestring\gettitlestring.sty"
Package: gettitlestring 2019/12/15 v1.6 Cleanup title references (HO)
)
\c@section@level=\count279
)
LaTeX Info: Redefining \ref on input line 48.
LaTeX Info: Redefining \pageref on input line 48.
LaTeX Info: Redefining \nameref on input line 48.
 ("c:/Users\dbaeza\Downloads\A New Definition of Pressure Based on Kinetic Theory Derivations\pressure.out") ("c:/Users\dbaeza\Downloads\A New Definition of Pressure Based on Kinetic Theory Derivations\pressure.out")
\@outlinefile=\write3
\openout3 = `pressure.out'.

 ("C:\Users\dbaeza\AppData\Local\Programs\MiKTeX 2.9\tex/context/base/mkii\supp-pdf.mkii"
[Loading MPS to PDF converter (version 2006.09.02).]
\scratchcounter=\count280
\scratchdimen=\dimen167
\scratchbox=\box51
\nofMPsegments=\count281
\nofMParguments=\count282
\everyMPshowfont=\toks26
\MPscratchCnt=\count283
\MPscratchDim=\dimen168
\MPnumerator=\count284
\makeMPintoPDFobject=\count285
\everyMPtoPDFconversion=\toks27
) ("C:\Users\dbaeza\AppData\Local\Programs\MiKTeX 2.9\tex/latex/epstopdf-pkg\epstopdf-base.sty"
Package: epstopdf-base 2020-01-24 v2.11 Base part for package epstopdf
Package epstopdf-base Info: Redefining graphics rule for `.eps' on input line 485.
)
Package caption Info: Begin \AtBeginDocument code.
Package caption Info: End \AtBeginDocument code.

*geometry* driver: auto-detecting
*geometry* detected driver: pdftex
*geometry* verbose mode - [ preamble ] result:
* driver: pdftex
* paper: a4paper
* layout: <same size as paper>
* layoutoffset:(h,v)=(0.0pt,0.0pt)
* modes: 
* h-part:(L,W,R)=(81.94394pt, 433.62pt, 81.94394pt)
* v-part:(T,H,B)=(63.39273pt, 686.56499pt, 95.08913pt)
* \paperwidth=597.50787pt
* \paperheight=845.04684pt
* \textwidth=433.62pt
* \textheight=686.56499pt
* \oddsidemargin=9.67395pt
* \evensidemargin=9.67395pt
* \topmargin=-45.87726pt
* \headheight=12.0pt
* \headsep=25.0pt
* \topskip=11.0pt
* \footskip=30.0pt
* \marginparwidth=59.0pt
* \marginparsep=10.0pt
* \columnsep=10.0pt
* \skip\footins=10.0pt plus 4.0pt minus 2.0pt
* \hoffset=0.0pt
* \voffset=0.0pt
* \mag=1000
* \@twocolumnfalse
* \@twosidefalse
* \@mparswitchfalse
* \@reversemarginfalse
* (1in=72.27pt=25.4mm, 1cm=28.453pt)


Underfull \hbox (badness 10000) in paragraph at lines 59--62

 []


Underfull \hbox (badness 10000) in paragraph at lines 63--66

 []


Underfull \hbox (badness 10000) in paragraph at lines 67--70

 []


Underfull \hbox (badness 10000) in paragraph at lines 83--85

 []


Underfull \hbox (badness 10000) in paragraph at lines 86--88

 []

LaTeX Font Info:    Trying to load font information for TS1+ppl on input line 99.
("C:\Users\dbaeza\AppData\Local\Programs\MiKTeX 2.9\tex/latex/psnfss\ts1ppl.fd"
File: ts1ppl.fd 2001/06/04 font definitions for TS1/ppl.
)
Underfull \hbox (badness 10000) in paragraph at lines 106--108

 []

[1

{C:/Users/dbaeza/AppData/Local/MiKTeX/2.9/pdftex/config/pdftex.map}]
Underfull \hbox (badness 10000) in paragraph at lines 123--131

 []

<figures/cm1.png, id=57, 1355.0625pt x 627.84563pt>
File: figures/cm1.png Graphic file (type png)
<use figures/cm1.png>
Package pdftex.def Info: figures/cm1.png  used on input line 134.
(pdftex.def)             Requested size: 406.5219pt x 188.35513pt.
[2]
Underfull \hbox (badness 10000) in paragraph at lines 139--143

 []

<figures/cm2.png, id=66, 1344.52313pt x 620.3175pt>
File: figures/cm2.png Graphic file (type png)
<use figures/cm2.png>
Package pdftex.def Info: figures/cm2.png  used on input line 146.
(pdftex.def)             Requested size: 403.36005pt x 186.09668pt.
[3 <c:/Users/dbaeza/Downloads/A New Definition of Pressure Based on Kinetic Theory Derivations/figures/cm1.png> <c:/Users/dbaeza/Downloads/A New Definition of Pressure Based on Kinetic Theory Derivations/figures/cm2.png>]
<figures/cm3.png, id=75, 1062.21844pt x 283.81032pt>
File: figures/cm3.png Graphic file (type png)
<use figures/cm3.png>
Package pdftex.def Info: figures/cm3.png  used on input line 170.
(pdftex.def)             Requested size: 424.87985pt x 113.52211pt.
<figures/cm4.png, id=76, 1051.67906pt x 626.34pt>
File: figures/cm4.png Graphic file (type png)
<use figures/cm4.png>
Package pdftex.def Info: figures/cm4.png  used on input line 183.
(pdftex.def)             Requested size: 420.66417pt x 250.53156pt.
 [4 <c:/Users/dbaeza/Downloads/A New Definition of Pressure Based on Kinetic Theory Derivations/figures/cm3.png>]
<figures/cm5.png, id=83, 828.09375pt x 624.83438pt>
File: figures/cm5.png Graphic file (type png)
<use figures/cm5.png>
Package pdftex.def Info: figures/cm5.png  used on input line 194.
(pdftex.def)             Requested size: 331.23163pt x 249.92932pt.
 [5 <c:/Users/dbaeza/Downloads/A New Definition of Pressure Based on Kinetic Theory Derivations/figures/cm4.png> <c:/Users/dbaeza/Downloads/A New Definition of Pressure Based on Kinetic Theory Derivations/figures/cm5.png>]
<figures/asahimachi2.png, id=92, 887.56593pt x 459.21562pt>
File: figures/asahimachi2.png Graphic file (type png)
<use figures/asahimachi2.png>
Package pdftex.def Info: figures/asahimachi2.png  used on input line 217.
(pdftex.def)             Requested size: 355.02008pt x 183.68298pt.
<figures/asahimachi.png, id=93, 958.3303pt x 573.64313pt>
File: figures/asahimachi.png Graphic file (type png)
<use figures/asahimachi.png>
Package pdftex.def Info: figures/asahimachi.png  used on input line 224.
(pdftex.def)             Requested size: 383.32533pt x 229.45319pt.
 [6 <c:/Users/dbaeza/Downloads/A New Definition of Pressure Based on Kinetic Theory Derivations/figures/asahimachi2.png>]
<figures/asahimachi3.png, id=100, 1115.66812pt x 724.20563pt>
File: figures/asahimachi3.png Graphic file (type png)
<use figures/asahimachi3.png>
Package pdftex.def Info: figures/asahimachi3.png  used on input line 231.
(pdftex.def)             Requested size: 446.25934pt x 289.67711pt.

Overfull \hbox (12.63934pt too wide) in paragraph at lines 231--232
 [][] 
 []

<figures/matsuo2.png, id=101, 561.59813pt x 490.83376pt>
File: figures/matsuo2.png Graphic file (type png)
<use figures/matsuo2.png>
Package pdftex.def Info: figures/matsuo2.png  used on input line 240.
(pdftex.def)             Requested size: 224.63527pt x 196.33002pt.
[7 <c:/Users/dbaeza/Downloads/A New Definition of Pressure Based on Kinetic Theory Derivations/figures/asahimachi.png> <c:/Users/dbaeza/Downloads/A New Definition of Pressure Based on Kinetic Theory Derivations/figures/asahimachi3.png>]
<figures/matsuo.png, id=111, 691.83469pt x 674.52pt>
File: figures/matsuo.png Graphic file (type png)
<use figures/matsuo.png>
Package pdftex.def Info: figures/matsuo.png  used on input line 247.
(pdftex.def)             Requested size: 276.72897pt x 269.80322pt.
<figures/matsuo3.png, id=112, 1117.92656pt x 726.46407pt>
File: figures/matsuo3.png Graphic file (type png)
<use figures/matsuo3.png>
Package pdftex.def Info: figures/matsuo3.png  used on input line 254.
(pdftex.def)             Requested size: 447.1627pt x 290.58047pt.

Overfull \hbox (13.54271pt too wide) in paragraph at lines 254--255
 [][] 
 []

[8 <c:/Users/dbaeza/Downloads/A New Definition of Pressure Based on Kinetic Theory Derivations/figures/matsuo2.png> <c:/Users/dbaeza/Downloads/A New Definition of Pressure Based on Kinetic Theory Derivations/figures/matsuo.png>]
<figures/cm7.png, id=121, 656.4525pt x 266.49562pt>
File: figures/cm7.png Graphic file (type png)
<use figures/cm7.png>
Package pdftex.def Info: figures/cm7.png  used on input line 264.
(pdftex.def)             Requested size: 525.16272pt x 213.19678pt.

Overfull \hbox (91.54272pt too wide) in paragraph at lines 264--265
 [][] 
 []

<figures/cm8.png, id=122, 668.4975pt x 584.93532pt>
File: figures/cm8.png Graphic file (type png)
<use figures/cm8.png>
Package pdftex.def Info: figures/cm8.png  used on input line 273.
(pdftex.def)             Requested size: 267.39426pt x 233.96997pt.
[9 <c:/Users/dbaeza/Downloads/A New Definition of Pressure Based on Kinetic Theory Derivations/figures/matsuo3.png> <c:/Users/dbaeza/Downloads/A New Definition of Pressure Based on Kinetic Theory Derivations/figures/cm7.png>]
<figures/cm9.png, id=131, 679.03688pt x 529.98pt>
File: figures/cm9.png Graphic file (type png)
<use figures/cm9.png>
Package pdftex.def Info: figures/cm9.png  used on input line 283.
(pdftex.def)             Requested size: 271.60994pt x 211.98824pt.
<figures/cm10.png, id=132, 673.01437pt x 651.18282pt>
File: figures/cm10.png Graphic file (type png)
<use figures/cm10.png>
Package pdftex.def Info: figures/cm10.png  used on input line 292.
(pdftex.def)             Requested size: 269.20097pt x 260.4685pt.
 [10 <c:/Users/dbaeza/Downloads/A New Definition of Pressure Based on Kinetic Theory Derivations/figures/cm8.png> <c:/Users/dbaeza/Downloads/A New Definition of Pressure Based on Kinetic Theory Derivations/figures/cm9.png>]
<figures/cm11.png, id=141, 540.51938pt x 487.8225pt>
File: figures/cm11.png Graphic file (type png)
<use figures/cm11.png>
Package pdftex.def Info: figures/cm11.png  used on input line 305.
(pdftex.def)             Requested size: 216.20392pt x 195.12553pt.
<figures/cm12.png, id=142, 1005.7575pt x 617.30624pt>
File: figures/cm12.png Graphic file (type png)
<use figures/cm12.png>
Package pdftex.def Info: figures/cm12.png  used on input line 316.
(pdftex.def)             Requested size: 402.29587pt x 246.91812pt.
 [11 <c:/Users/dbaeza/Downloads/A New Definition of Pressure Based on Kinetic Theory Derivations/figures/cm10.png> <c:/Users/dbaeza/Downloads/A New Definition of Pressure Based on Kinetic Theory Derivations/figures/cm11.png>]
<figures/cm14.png, id=151, 717.43031pt x 645.91313pt>
File: figures/cm14.png Graphic file (type png)
<use figures/cm14.png>
Package pdftex.def Info: figures/cm14.png  used on input line 326.
(pdftex.def)             Requested size: 286.96704pt x 258.36067pt.
<figures/cm16.png, id=152, 660.21657pt x 628.59843pt>
File: figures/cm16.png Graphic file (type png)
<use figures/cm16.png>
Package pdftex.def Info: figures/cm16.png  used on input line 337.
(pdftex.def)             Requested size: 396.133pt x 377.16197pt.
 [12 <c:/Users/dbaeza/Downloads/A New Definition of Pressure Based on Kinetic Theory Derivations/figures/cm12.png> <c:/Users/dbaeza/Downloads/A New Definition of Pressure Based on Kinetic Theory Derivations/figures/cm14.png>]
<figures/cm15.png, id=161, 864.98157pt x 652.68843pt>
File: figures/cm15.png Graphic file (type png)
<use figures/cm15.png>
Package pdftex.def Info: figures/cm15.png  used on input line 347.
(pdftex.def)             Requested size: 432.48973pt x 326.34341pt.
 [13 <c:/Users/dbaeza/Downloads/A New Definition of Pressure Based on Kinetic Theory Derivations/figures/cm16.png>] [14 <c:/Users/dbaeza/Downloads/A New Definition of Pressure Based on Kinetic Theory Derivations/figures/cm15.png>] ("c:/Users\dbaeza\Downloads\A New Definition of Pressure Based on Kinetic Theory Derivations\pressure.bbl"
LaTeX Font Info:    Trying to load font information for OT1+pcr on input line 6.
 ("C:\Users\dbaeza\AppData\Local\Programs\MiKTeX 2.9\tex/latex/psnfss\ot1pcr.fd"
File: ot1pcr.fd 2001/06/04 font definitions for OT1/pcr.
)
LaTeX Font Info:    Trying to load font information for U+msa on input line 6.
 ("C:\Users\dbaeza\AppData\Local\Programs\MiKTeX 2.9\tex/latex/amsfonts\umsa.fd"
File: umsa.fd 2013/01/14 v3.01 AMS symbols A
)
LaTeX Font Info:    Trying to load font information for U+msb on input line 6.
 ("C:\Users\dbaeza\AppData\Local\Programs\MiKTeX 2.9\tex/latex/amsfonts\umsb.fd"
File: umsb.fd 2013/01/14 v3.01 AMS symbols B
)
Underfull \hbox (badness 1237) in paragraph at lines 16--21
[]\OT1/ppl/m/n/10.95 IBM and Cours-era.  Ap-plied data sci-ence spe-cial-iza-tion.  []$\OT1/pcr/m/n/10.95 https : / / www .
 []


Underfull \hbox (badness 7291) in paragraph at lines 16--21
\OT1/pcr/m/n/10.95 coursera . org / specializations / applied-[]data-[]sciencefour$[]\OT1/ppl/m/n/10.95 .  Ac-
 []

)
Package atveryend Info: Empty hook `BeforeClearDocument' on input line 374.
 [15]
Package atveryend Info: Empty hook `AfterLastShipout' on input line 374.
 ("c:/Users\dbaeza\Downloads\A New Definition of Pressure Based on Kinetic Theory Derivations\pressure.aux")
Package atveryend Info: Executing hook `AtVeryEndDocument' on input line 374.
Package atveryend Info: Executing hook `AtEndAfterFileList' on input line 374.
Package rerunfilecheck Info: File `pressure.out' has not changed.
(rerunfilecheck)             Checksum: B42D03269E178234C9830612B1CAD3D6;585.


LaTeX Warning: There were multiply-defined labels.

Package atveryend Info: Empty hook `AtVeryVeryEnd' on input line 374.
 ) 
Here is how much of TeX's memory you used:
 9633 strings out of 481292
 159583 string characters out of 2907317
 598148 words of memory out of 3000000
 24864 multiletter control sequences out of 15000+200000
 546248 words of font info for 62 fonts, out of 3000000 for 9000
 1141 hyphenation exceptions out of 8191
 53i,6n,51p,1059b,371s stack positions out of 5000i,500n,10000p,200000b,50000s
{C:/Users/dbaeza/AppData/Local/Programs/MiKTeX 2.9/fonts/enc/dvips/base/8r.enc}<C:/Users/dbaeza/AppData/Local/Programs/MiKTeX 2.9/fonts/type1/urw/courier/ucrr8a.pfb><C:/Users/dbaeza/AppData/Local/Programs/MiKTeX 2.9/fonts/type1/urw/palatino/uplb8a.pfb><C:/Users/dbaeza/AppData/Local/Programs/MiKTeX 2.9/fonts/type1/urw/palatino/uplbi8a.pfb><C:/Users/dbaeza/AppData/Local/Programs/MiKTeX 2.9/fonts/type1/urw/palatino/uplr8a.pfb><C:/Users/dbaeza/AppData/Local/Programs/MiKTeX 2.9/fonts/type1/urw/palatino/uplri8a.pfb>
Output written on "c:/Users\dbaeza\Downloads\A New Definition of Pressure Based on Kinetic Theory Derivations\pressure.pdf" (15 pages, 19029658 bytes).
PDF statistics:
 221 PDF objects out of 1000 (max. 8388607)
 51 named destinations out of 1000 (max. 500000)
 181 words of extra memory for PDF output out of 10000 (max. 10000000)

